<?xml version="1.0" encoding="UTF-8"?>
<robot generator="Robot 6.1 (Python 3.11.4 on win32)" generated="20230726 15:17:14.229" rpa="false" schemaversion="4">
<suite id="s1" name="Robot-Basico2" source="C:\Users\mb_la\OneDrive\Área de Trabalho\Robot-Basico2">
<suite id="s1-s1" name="Automatizando-youtube" source="C:\Users\mb_la\OneDrive\Área de Trabalho\Robot-Basico2\Automatizando-youtube">
<suite id="s1-s1-s1" name="Youtube" source="C:\Users\mb_la\OneDrive\Área de Trabalho\Robot-Basico2\Automatizando-youtube\youtube.robot">
<test id="s1-s1-s1-t1" name="CT01: Execultar um vídeo do youtube" line="20">
<kw name="DADO que eu esteja no site do youtube">
<kw name="Open Browser" library="SeleniumLibrary">
<arg>${URL}</arg>
<arg>${BROWSER}</arg>
<doc>Opens a new browser instance to the optional ``url``.</doc>
<msg timestamp="20230726 15:17:14.923" level="INFO">Opening browser 'chrome' to base url 'https://www.youtube.com/'.</msg>
<status status="PASS" starttime="20230726 15:17:14.920" endtime="20230726 15:17:28.799"/>
</kw>
<kw name="Sleep" library="BuiltIn">
<arg>6s</arg>
<doc>Pauses the test executed for the given time.</doc>
<msg timestamp="20230726 15:17:34.801" level="INFO">Slept 6 seconds</msg>
<status status="PASS" starttime="20230726 15:17:28.800" endtime="20230726 15:17:34.802"/>
</kw>
<status status="PASS" starttime="20230726 15:17:14.919" endtime="20230726 15:17:34.802"/>
</kw>
<status status="PASS" starttime="20230726 15:17:14.915" endtime="20230726 15:17:34.803"/>
</test>
<status status="PASS" starttime="20230726 15:17:14.333" endtime="20230726 15:17:34.807"/>
</suite>
<status status="PASS" starttime="20230726 15:17:14.323" endtime="20230726 15:17:34.815"/>
</suite>
<status status="PASS" starttime="20230726 15:17:14.241" endtime="20230726 15:17:34.820"/>
</suite>
<statistics>
<total>
<stat pass="1" fail="0" skip="0">All Tests</stat>
</total>
<tag>
</tag>
<suite>
<stat pass="1" fail="0" skip="0" id="s1" name="Robot-Basico2">Robot-Basico2</stat>
<stat pass="1" fail="0" skip="0" id="s1-s1" name="Automatizando-youtube">Robot-Basico2.Automatizando-youtube</stat>
<stat pass="1" fail="0" skip="0" id="s1-s1-s1" name="Youtube">Robot-Basico2.Automatizando-youtube.Youtube</stat>
</suite>
</statistics>
<errors>
</errors>
</robot>
